# JRE version: Java(TM) SE Runtime Environment (8.0_201-b09) (build 1.8.0_201-b09)
# Java VM: Java HotSpot(TM) 64-Bit Server VM (25.201-b09 mixed mode windows-amd64 )
Heap:
 PSYoungGen      total 30538752K, used 29491776K [0x000000102ab00000, 0x0000001800000000, 0x0000001800000000)
  eden space 28238848K, 100% used [0x000000102ab00000,0x00000016e6400000,0x00000016e6400000)
  from space 2299904K, 54% used [0x0000001773a00000,0x00000017c0190000,0x0000001800000000)
  to   space 2308096K, 12% used [0x00000016e6400000,0x00000016f8648000,0x0000001773200000)
 ParOldGen       total 30131200K, used 5958329K [0x0000000080000000, 0x00000007af100000, 0x000000102ab00000)
  object space 30131200K, 19% used [0x0000000080000000,0x00000001ebab0580,0x00000007af100000)
 Metaspace       used 11729K, capacity 12086K, committed 12288K, reserved 12288K
GC Heap History (10 events):
Event: 9762.183 GC heap after
Heap after GC invocations=2780 (full 18):
 PSYoungGen      total 30472192K, used 1769155K [0x000000102ab00000, 0x00000017fd980000, 0x0000001800000000)
  eden space 28185088K, 0% used [0x000000102ab00000,0x000000102ab00000,0x00000016e2f80000)
  from space 2287104K, 77% used [0x0000001772000000,0x00000017ddfb0d88,0x00000017fd980000)
  to   space 2315264K, 0% used [0x00000016e2f80000,0x00000016e2f80000,0x0000001770480000)
 ParOldGen       total 30131200K, used 4409069K [0x0000000080000000, 0x00000007af100000, 0x000000102ab00000)
  object space 30131200K, 14% used [0x0000000080000000,0x000000018d1bb7e0,0x00000007af100000)
 Metaspace       used 11729K, capacity 12086K, committed 12288K, reserved 12288K
}
Event: 9764.776 GC heap before
{Heap before GC invocations=2781 (full 18):
 PSYoungGen      total 30472192K, used 29954243K [0x000000102ab00000, 0x00000017fd980000, 0x0000001800000000)
  eden space 28185088K, 100% used [0x000000102ab00000,0x00000016e2f80000,0x00000016e2f80000)
  from space 2287104K, 77% used [0x0000001772000000,0x00000017ddfb0d88,0x00000017fd980000)
  to   space 2315264K, 0% used [0x00000016e2f80000,0x00000016e2f80000,0x0000001770480000)
 ParOldGen       total 30131200K, used 4409069K [0x0000000080000000, 0x00000007af100000, 0x000000102ab00000)
  object space 30131200K, 14% used [0x0000000080000000,0x000000018d1bb7e0,0x00000007af100000)
 Metaspace       used 11729K, capacity 12086K, committed 12288K, reserved 12288K
Event: 9765.101 GC heap after
Heap after GC invocations=2781 (full 18):
 PSYoungGen      total 30500352K, used 1783267K [0x000000102ab00000, 0x0000001800000000, 0x0000001800000000)
  eden space 28185088K, 0% used [0x000000102ab00000,0x000000102ab00000,0x00000016e2f80000)
  from space 2315264K, 77% used [0x00000016e2f80000,0x000000174fcf8d88,0x0000001770480000)
  to   space 2306048K, 0% used [0x0000001773400000,0x0000001773400000,0x0000001800000000)
 ParOldGen       total 30131200K, used 4409069K [0x0000000080000000, 0x00000007af100000, 0x000000102ab00000)
  object space 30131200K, 14% used [0x0000000080000000,0x000000018d1bb7e0,0x00000007af100000)
 Metaspace       used 11729K, capacity 12086K, committed 12288K, reserved 12288K
}
Event: 9767.694 GC heap before
{Heap before GC invocations=2782 (full 18):
 PSYoungGen      total 30500352K, used 29968355K [0x000000102ab00000, 0x0000001800000000, 0x0000001800000000)
  eden space 28185088K, 100% used [0x000000102ab00000,0x00000016e2f80000,0x00000016e2f80000)
  from space 2315264K, 77% used [0x00000016e2f80000,0x000000174fcf8d88,0x0000001770480000)
  to   space 2306048K, 0% used [0x0000001773400000,0x0000001773400000,0x0000001800000000)
 ParOldGen       total 30131200K, used 4409069K [0x0000000080000000, 0x00000007af100000, 0x000000102ab00000)
  object space 30131200K, 14% used [0x0000000080000000,0x000000018d1bb7e0,0x00000007af100000)
 Metaspace       used 11729K, capacity 12086K, committed 12288K, reserved 12288K
Event: 9768.021 GC heap after
Heap after GC invocations=2782 (full 18):
 PSYoungGen      total 30524416K, used 1810147K [0x000000102ab00000, 0x00000017ff100000, 0x0000001800000000)
  eden space 28233728K, 0% used [0x000000102ab00000,0x000000102ab00000,0x00000016e5f00000)
  from space 2290688K, 79% used [0x0000001773400000,0x00000017e1bb8d88,0x00000017ff100000)
  to   space 2302976K, 0% used [0x00000016e5f00000,0x00000016e5f00000,0x0000001772800000)
 ParOldGen       total 30131200K, used 4409069K [0x0000000080000000, 0x00000007af100000, 0x000000102ab00000)
  object space 30131200K, 14% used [0x0000000080000000,0x000000018d1bb7e0,0x00000007af100000)
 Metaspace       used 11729K, capacity 12086K, committed 12288K, reserved 12288K
}
Event: 9770.841 GC heap before
{Heap before GC invocations=2783 (full 18):
 PSYoungGen      total 30524416K, used 30043875K [0x000000102ab00000, 0x00000017ff100000, 0x0000001800000000)
  eden space 28233728K, 100% used [0x000000102ab00000,0x00000016e5f00000,0x00000016e5f00000)
  from space 2290688K, 79% used [0x0000001773400000,0x00000017e1bb8d88,0x00000017ff100000)
  to   space 2302976K, 0% used [0x00000016e5f00000,0x00000016e5f00000,0x0000001772800000)
 ParOldGen       total 30131200K, used 4409069K [0x0000000080000000, 0x00000007af100000, 0x000000102ab00000)
  object space 30131200K, 14% used [0x0000000080000000,0x000000018d1bb7e0,0x00000007af100000)
 Metaspace       used 11729K, capacity 12086K, committed 12288K, reserved 12288K
Event: 9771.167 GC heap after
Heap after GC invocations=2783 (full 18):
 PSYoungGen      total 30536704K, used 1820843K [0x000000102ab00000, 0x0000001800000000, 0x0000001800000000)
  eden space 28233728K, 0% used [0x000000102ab00000,0x000000102ab00000,0x00000016e5f00000)
  from space 2302976K, 79% used [0x00000016e5f00000,0x000000175512af30,0x0000001772800000)
  to   space 2299904K, 0% used [0x0000001773a00000,0x0000001773a00000,0x0000001800000000)
 ParOldGen       total 30131200K, used 4412613K [0x0000000080000000, 0x00000007af100000, 0x000000102ab00000)
  object space 30131200K, 14% used [0x0000000080000000,0x000000018d531650,0x00000007af100000)
 Metaspace       used 11729K, capacity 12086K, committed 12288K, reserved 12288K
}
Event: 9774.318 GC heap before
{Heap before GC invocations=2784 (full 18):
 PSYoungGen      total 30536704K, used 30054571K [0x000000102ab00000, 0x0000001800000000, 0x0000001800000000)
  eden space 28233728K, 100% used [0x000000102ab00000,0x00000016e5f00000,0x00000016e5f00000)
  from space 2302976K, 79% used [0x00000016e5f00000,0x000000175512af30,0x0000001772800000)
  to   space 2299904K, 0% used [0x0000001773a00000,0x0000001773a00000,0x0000001800000000)
 ParOldGen       total 30131200K, used 4412613K [0x0000000080000000, 0x00000007af100000, 0x000000102ab00000)
  object space 30131200K, 14% used [0x0000000080000000,0x000000018d531650,0x00000007af100000)
 Metaspace       used 11729K, capacity 12086K, committed 12288K, reserved 12288K
Event: 9774.690 GC heap after
Heap after GC invocations=2784 (full 18):
 PSYoungGen      total 30538752K, used 1252928K [0x000000102ab00000, 0x0000001800000000, 0x0000001800000000)
  eden space 28238848K, 0% used [0x000000102ab00000,0x000000102ab00000,0x00000016e6400000)
  from space 2299904K, 54% used [0x0000001773a00000,0x00000017c0190000,0x0000001800000000)
  to   space 2308096K, 0% used [0x00000016e6400000,0x00000016e6400000,0x0000001773200000)
 ParOldGen       total 30131200K, used 5009281K [0x0000000080000000, 0x00000007af100000, 0x000000102ab00000)
  object space 30131200K, 16% used [0x0000000080000000,0x00000001b1be0580,0x00000007af100000)
 Metaspace       used 11729K, capacity 12086K, committed 12288K, reserved 12288K
}
Event: 9778.010 GC heap before
{Heap before GC invocations=2785 (full 18):
 PSYoungGen      total 30538752K, used 29491776K [0x000000102ab00000, 0x0000001800000000, 0x0000001800000000)
  eden space 28238848K, 100% used [0x000000102ab00000,0x00000016e6400000,0x00000016e6400000)
  from space 2299904K, 54% used [0x0000001773a00000,0x00000017c0190000,0x0000001800000000)
  to   space 2308096K, 0% used [0x00000016e6400000,0x00000016e6400000,0x0000001773200000)
 ParOldGen       total 30131200K, used 5009281K [0x0000000080000000, 0x00000007af100000, 0x000000102ab00000)
  object space 30131200K, 16% used [0x0000000080000000,0x00000001b1be0580,0x00000007af100000)
 Metaspace       used 11729K, capacity 12086K, committed 12288K, reserved 12288K

